Java_Trung/Login/app/build/intermediates/manifest_merge_blame_file/debug/processDebugMainManifest/manifest-merger-blame-debug-report.txt
1<?xml version="1.0" encoding="utf-8"?>
2<manifest xmlns:android="http://schemas.android.com/apk/res/android"
3    package="com.example.login"
4    android:versionCode="1"
5    android:versionName="1.0" >
6
7    <uses-sdk
8        android:minSdkVersion="24"
9        android:targetSdkVersion="34" />
10
11    <uses-permission android:name="android.permission.INTERNET" />
11-->src\main\AndroidManifest.xml:5:5-67
11-->src\main\AndroidManifest.xml:5:22-64
12
13    <queries>
13-->[com.facebook.android:facebook-common:17.0.0] AndroidManifest.xml:17:5-19:15
14        <package android:name="com.facebook.katana" />
14-->[com.facebook.android:facebook-common:17.0.0] AndroidManifest.xml:18:9-55
14-->[com.facebook.android:facebook-common:17.0.0] AndroidManifest.xml:18:18-52
15    </queries>
16
17    <uses-permission android:name="com.google.android.gms.permission.AD_ID" />
17-->[com.facebook.android:facebook-core:17.0.0] AndroidManifest.xml:16:5-79
17-->[com.facebook.android:facebook-core:17.0.0] AndroidManifest.xml:16:22-76
18
19    <permission
19-->[androidx.core:core:1.13.0] AndroidManifest.xml:22:5-24:47
20        android:name="com.example.login.DYNAMIC_RECEIVER_NOT_EXPORTED_PERMISSION"
20-->[androidx.core:core:1.13.0] AndroidManifest.xml:23:9-81
21        android:protectionLevel="signature" />
21-->[androidx.core:core:1.13.0] AndroidManifest.xml:24:9-44
22
23    <uses-permission android:name="com.example.login.DYNAMIC_RECEIVER_NOT_EXPORTED_PERMISSION" />
23-->[androidx.core:core:1.13.0] AndroidManifest.xml:26:5-97
23-->[androidx.core:core:1.13.0] AndroidManifest.xml:26:22-94
24    <uses-permission android:name="com.google.android.finsky.permission.BIND_GET_INSTALL_REFERRER_SERVICE" />
24-->[com.android.installreferrer:installreferrer:1.0] AndroidManifest.xml:9:5-110
24-->[com.android.installreferrer:installreferrer:1.0] AndroidManifest.xml:9:22-107
25
26    <application
26-->src\main\AndroidManifest.xml:7:5-55:19
27        android:allowBackup="true"
27-->src\main\AndroidManifest.xml:8:9-35
28        android:appComponentFactory="androidx.core.app.CoreComponentFactory"
28-->[androidx.core:core:1.13.0] AndroidManifest.xml:28:18-86
29        android:dataExtractionRules="@xml/data_extraction_rules"
29-->src\main\AndroidManifest.xml:9:9-65
30        android:debuggable="true"
31        android:extractNativeLibs="false"
32        android:fullBackupContent="@xml/backup_rules"
32-->src\main\AndroidManifest.xml:10:9-54
33        android:icon="@mipmap/ic_launcher"
33-->src\main\AndroidManifest.xml:11:9-43
34        android:label="@string/app_name"
34-->src\main\AndroidManifest.xml:12:9-41
35        android:roundIcon="@mipmap/ic_launcher_round"
35-->src\main\AndroidManifest.xml:13:9-54
36        android:supportsRtl="true"
36-->src\main\AndroidManifest.xml:14:9-35
37        android:testOnly="true"
38        android:theme="@style/Theme.Login" >
38-->src\main\AndroidManifest.xml:15:9-43
39        <meta-data
39-->src\main\AndroidManifest.xml:18:9-107
40            android:name="com.facebook.sdk.ApplicationId"
40-->src\main\AndroidManifest.xml:18:20-65
41            android:value="@string/facebook_app_id" />
41-->src\main\AndroidManifest.xml:18:66-105
42        <meta-data
42-->src\main\AndroidManifest.xml:19:9-111
43            android:name="com.facebook.sdk.ClientToken"
43-->src\main\AndroidManifest.xml:19:20-63
44            android:value="@string/facebook_client_token" />
44-->src\main\AndroidManifest.xml:19:64-109
45
46        <activity
46-->src\main\AndroidManifest.xml:21:9-28:20
47            android:name="com.example.login.StartActivity"
47-->src\main\AndroidManifest.xml:21:19-48
48            android:exported="true" >
48-->src\main\AndroidManifest.xml:22:13-36
49            <intent-filter>
49-->src\main\AndroidManifest.xml:23:13-27:29
50                <action android:name="android.intent.action.MAIN" />
50-->src\main\AndroidManifest.xml:24:17-69
50-->src\main\AndroidManifest.xml:24:25-66
51
52                <category android:name="android.intent.category.LAUNCHER" />
52-->src\main\AndroidManifest.xml:26:17-77
52-->src\main\AndroidManifest.xml:26:27-74
53            </intent-filter>
54        </activity>
55        <activity
55-->src\main\AndroidManifest.xml:30:9-33:15
56            android:name="com.facebook.FacebookActivity"
56-->src\main\AndroidManifest.xml:30:19-63
57            android:configChanges="keyboard|keyboardHidden|screenLayout|screenSize|orientation"
57-->src\main\AndroidManifest.xml:31:13-114
58            android:theme="@style/com_facebook_activity_theme" />
58-->[com.facebook.android:facebook-common:17.0.0] AndroidManifest.xml:25:13-63
59        <activity
59-->src\main\AndroidManifest.xml:34:9-43:20
60            android:name="com.facebook.CustomTabActivity"
60-->src\main\AndroidManifest.xml:35:13-58
61            android:exported="true" >
61-->src\main\AndroidManifest.xml:36:13-36
62            <intent-filter>
62-->src\main\AndroidManifest.xml:37:13-42:29
63                <action android:name="android.intent.action.VIEW" />
63-->src\main\AndroidManifest.xml:38:17-69
63-->src\main\AndroidManifest.xml:38:25-66
64
65                <category android:name="android.intent.category.DEFAULT" />
65-->src\main\AndroidManifest.xml:39:17-76
65-->src\main\AndroidManifest.xml:39:27-73
66                <category android:name="android.intent.category.BROWSABLE" />
66-->src\main\AndroidManifest.xml:40:17-78
66-->src\main\AndroidManifest.xml:40:27-75
67
68                <data android:scheme="@string/fb_login_protocol_scheme" />
68-->src\main\AndroidManifest.xml:41:17-75
68-->src\main\AndroidManifest.xml:41:23-72
69            </intent-filter>
70            <intent-filter>
70-->[com.facebook.android:facebook-common:17.0.0] AndroidManifest.xml:31:13-40:29
71                <action android:name="android.intent.action.VIEW" />
71-->src\main\AndroidManifest.xml:38:17-69
71-->src\main\AndroidManifest.xml:38:25-66
72
73                <category android:name="android.intent.category.DEFAULT" />
73-->src\main\AndroidManifest.xml:39:17-76
73-->src\main\AndroidManifest.xml:39:27-73
74                <category android:name="android.intent.category.BROWSABLE" />
74-->src\main\AndroidManifest.xml:40:17-78
74-->src\main\AndroidManifest.xml:40:27-75
75
76                <data
76-->src\main\AndroidManifest.xml:41:17-75
77                    android:host="cct.com.example.login"
78                    android:scheme="fbconnect" />
78-->src\main\AndroidManifest.xml:41:23-72
79            </intent-filter>
80        </activity>
81        <activity
81-->src\main\AndroidManifest.xml:46:9-48:40
82            android:name="com.example.login.SecondActivity"
82-->src\main\AndroidManifest.xml:47:13-43
83            android:exported="false" />
83-->src\main\AndroidManifest.xml:48:13-37
84        <activity
84-->src\main\AndroidManifest.xml:49:9-51:39
85            android:name="com.example.login.MainActivity"
85-->src\main\AndroidManifest.xml:50:13-41
86            android:exported="false" />
86-->src\main\AndroidManifest.xml:51:13-37
87        <activity android:name="com.example.login.SignUpActivity" />
87-->src\main\AndroidManifest.xml:53:9-52
87-->src\main\AndroidManifest.xml:53:19-49
88        <activity android:name="com.facebook.CustomTabMainActivity" />
88-->[com.facebook.android:facebook-common:17.0.0] AndroidManifest.xml:26:9-71
88-->[com.facebook.android:facebook-common:17.0.0] AndroidManifest.xml:26:19-68
89        <activity
89-->[com.google.android.gms:play-services-auth:21.1.1] AndroidManifest.xml:23:9-27:75
90            android:name="com.google.android.gms.auth.api.signin.internal.SignInHubActivity"
90-->[com.google.android.gms:play-services-auth:21.1.1] AndroidManifest.xml:24:13-93
91            android:excludeFromRecents="true"
91-->[com.google.android.gms:play-services-auth:21.1.1] AndroidManifest.xml:25:13-46
92            android:exported="false"
92-->[com.google.android.gms:play-services-auth:21.1.1] AndroidManifest.xml:26:13-37
93            android:theme="@android:style/Theme.Translucent.NoTitleBar" />
93-->[com.google.android.gms:play-services-auth:21.1.1] AndroidManifest.xml:27:13-72
94        <!--
95            Service handling Google Sign-In user revocation. For apps that do not integrate with
96            Google Sign-In, this service will never be started.
97        -->
98        <service
98-->[com.google.android.gms:play-services-auth:21.1.1] AndroidManifest.xml:33:9-37:51
99            android:name="com.google.android.gms.auth.api.signin.RevocationBoundService"
99-->[com.google.android.gms:play-services-auth:21.1.1] AndroidManifest.xml:34:13-89
100            android:exported="true"
100-->[com.google.android.gms:play-services-auth:21.1.1] AndroidManifest.xml:35:13-36
101            android:permission="com.google.android.gms.auth.api.signin.permission.REVOCATION_NOTIFICATION"
101-->[com.google.android.gms:play-services-auth:21.1.1] AndroidManifest.xml:36:13-107
102            android:visibleToInstantApps="true" />
102-->[com.google.android.gms:play-services-auth:21.1.1] AndroidManifest.xml:37:13-48
103
104        <activity
104-->[com.google.android.gms:play-services-base:18.3.0] AndroidManifest.xml:20:9-22:45
105            android:name="com.google.android.gms.common.api.GoogleApiActivity"
105-->[com.google.android.gms:play-services-base:18.3.0] AndroidManifest.xml:20:19-85
106            android:exported="false"
106-->[com.google.android.gms:play-services-base:18.3.0] AndroidManifest.xml:22:19-43
107            android:theme="@android:style/Theme.Translucent.NoTitleBar" />
107-->[com.google.android.gms:play-services-base:18.3.0] AndroidManifest.xml:21:19-78
108
109        <meta-data
109-->[com.google.android.gms:play-services-basement:18.3.0] AndroidManifest.xml:21:9-23:69
110            android:name="com.google.android.gms.version"
110-->[com.google.android.gms:play-services-basement:18.3.0] AndroidManifest.xml:22:13-58
111            android:value="@integer/google_play_services_version" />
111-->[com.google.android.gms:play-services-basement:18.3.0] AndroidManifest.xml:23:13-66
112
113        <provider
113-->[androidx.emoji2:emoji2:1.2.0] AndroidManifest.xml:24:9-32:20
114            android:name="androidx.startup.InitializationProvider"
114-->[androidx.emoji2:emoji2:1.2.0] AndroidManifest.xml:25:13-67
115            android:authorities="com.example.login.androidx-startup"
115-->[androidx.emoji2:emoji2:1.2.0] AndroidManifest.xml:26:13-68
116            android:exported="false" >
116-->[androidx.emoji2:emoji2:1.2.0] AndroidManifest.xml:27:13-37
117            <meta-data
117-->[androidx.emoji2:emoji2:1.2.0] AndroidManifest.xml:29:13-31:52
118                android:name="androidx.emoji2.text.EmojiCompatInitializer"
118-->[androidx.emoji2:emoji2:1.2.0] AndroidManifest.xml:30:17-75
119                android:value="androidx.startup" />
119-->[androidx.emoji2:emoji2:1.2.0] AndroidManifest.xml:31:17-49
120            <meta-data
120-->[androidx.lifecycle:lifecycle-process:2.6.2] AndroidManifest.xml:29:13-31:52
121                android:name="androidx.lifecycle.ProcessLifecycleInitializer"
121-->[androidx.lifecycle:lifecycle-process:2.6.2] AndroidManifest.xml:30:17-78
122                android:value="androidx.startup" />
122-->[androidx.lifecycle:lifecycle-process:2.6.2] AndroidManifest.xml:31:17-49
123            <meta-data
123-->[androidx.profileinstaller:profileinstaller:1.3.1] AndroidManifest.xml:29:13-31:52
124                android:name="androidx.profileinstaller.ProfileInstallerInitializer"
124-->[androidx.profileinstaller:profileinstaller:1.3.1] AndroidManifest.xml:30:17-85
125                android:value="androidx.startup" />
125-->[androidx.profileinstaller:profileinstaller:1.3.1] AndroidManifest.xml:31:17-49
126        </provider>
127        <!--
128         The initialization ContentProvider will call FacebookSdk.sdkInitialize automatically
129         with the application context. This config is merged in with the host app's manifest,
130         but there can only be one provider with the same authority activated at any given
131         point; so if the end user has two or more different apps that use Facebook SDK, only the
132         first one will be able to use the provider. To work around this problem, we use the
133         following placeholder in the authority to identify each host application as if it was
134         a completely different provider.
135        -->
136        <provider
136-->[com.facebook.android:facebook-core:17.0.0] AndroidManifest.xml:29:9-32:40
137            android:name="com.facebook.internal.FacebookInitProvider"
137-->[com.facebook.android:facebook-core:17.0.0] AndroidManifest.xml:30:13-70
138            android:authorities="com.example.login.FacebookInitProvider"
138-->[com.facebook.android:facebook-core:17.0.0] AndroidManifest.xml:31:13-72
139            android:exported="false" />
139-->[com.facebook.android:facebook-core:17.0.0] AndroidManifest.xml:32:13-37
140
141        <receiver
141-->[com.facebook.android:facebook-core:17.0.0] AndroidManifest.xml:34:9-40:20
142            android:name="com.facebook.CurrentAccessTokenExpirationBroadcastReceiver"
142-->[com.facebook.android:facebook-core:17.0.0] AndroidManifest.xml:35:13-86
143            android:exported="false" >
143-->[com.facebook.android:facebook-core:17.0.0] AndroidManifest.xml:36:13-37
144            <intent-filter>
144-->[com.facebook.android:facebook-core:17.0.0] AndroidManifest.xml:37:13-39:29
145                <action android:name="com.facebook.sdk.ACTION_CURRENT_ACCESS_TOKEN_CHANGED" />
145-->[com.facebook.android:facebook-core:17.0.0] AndroidManifest.xml:38:17-95
145-->[com.facebook.android:facebook-core:17.0.0] AndroidManifest.xml:38:25-92
146            </intent-filter>
147        </receiver>
148        <receiver
148-->[com.facebook.android:facebook-core:17.0.0] AndroidManifest.xml:41:9-47:20
149            android:name="com.facebook.AuthenticationTokenManager$CurrentAuthenticationTokenChangedBroadcastReceiver"
149-->[com.facebook.android:facebook-core:17.0.0] AndroidManifest.xml:42:13-118
150            android:exported="false" >
150-->[com.facebook.android:facebook-core:17.0.0] AndroidManifest.xml:43:13-37
151            <intent-filter>
151-->[com.facebook.android:facebook-core:17.0.0] AndroidManifest.xml:44:13-46:29
152                <action android:name="com.facebook.sdk.ACTION_CURRENT_AUTHENTICATION_TOKEN_CHANGED" />
152-->[com.facebook.android:facebook-core:17.0.0] AndroidManifest.xml:45:17-103
152-->[com.facebook.android:facebook-core:17.0.0] AndroidManifest.xml:45:25-100
153            </intent-filter>
154        </receiver>
155        <receiver
155-->[androidx.profileinstaller:profileinstaller:1.3.1] AndroidManifest.xml:34:9-52:20
156            android:name="androidx.profileinstaller.ProfileInstallReceiver"
156-->[androidx.profileinstaller:profileinstaller:1.3.1] AndroidManifest.xml:35:13-76
157            android:directBootAware="false"
157-->[androidx.profileinstaller:profileinstaller:1.3.1] AndroidManifest.xml:36:13-44
158            android:enabled="true"
158-->[androidx.profileinstaller:profileinstaller:1.3.1] AndroidManifest.xml:37:13-35
159            android:exported="true"
159-->[androidx.profileinstaller:profileinstaller:1.3.1] AndroidManifest.xml:38:13-36
160            android:permission="android.permission.DUMP" >
160-->[androidx.profileinstaller:profileinstaller:1.3.1] AndroidManifest.xml:39:13-57
161            <intent-filter>
161-->[androidx.profileinstaller:profileinstaller:1.3.1] AndroidManifest.xml:40:13-42:29
162                <action android:name="androidx.profileinstaller.action.INSTALL_PROFILE" />
162-->[androidx.profileinstaller:profileinstaller:1.3.1] AndroidManifest.xml:41:17-91
162-->[androidx.profileinstaller:profileinstaller:1.3.1] AndroidManifest.xml:41:25-88
163            </intent-filter>
164            <intent-filter>
164-->[androidx.profileinstaller:profileinstaller:1.3.1] AndroidManifest.xml:43:13-45:29
165                <action android:name="androidx.profileinstaller.action.SKIP_FILE" />
165-->[androidx.profileinstaller:profileinstaller:1.3.1] AndroidManifest.xml:44:17-85
165-->[androidx.profileinstaller:profileinstaller:1.3.1] AndroidManifest.xml:44:25-82
166            </intent-filter>
167            <intent-filter>
167-->[androidx.profileinstaller:profileinstaller:1.3.1] AndroidManifest.xml:46:13-48:29
168                <action android:name="androidx.profileinstaller.action.SAVE_PROFILE" />
168-->[androidx.profileinstaller:profileinstaller:1.3.1] AndroidManifest.xml:47:17-88
168-->[androidx.profileinstaller:profileinstaller:1.3.1] AndroidManifest.xml:47:25-85
169            </intent-filter>
170            <intent-filter>
170-->[androidx.profileinstaller:profileinstaller:1.3.1] AndroidManifest.xml:49:13-51:29
171                <action android:name="androidx.profileinstaller.action.BENCHMARK_OPERATION" />
171-->[androidx.profileinstaller:profileinstaller:1.3.1] AndroidManifest.xml:50:17-95
171-->[androidx.profileinstaller:profileinstaller:1.3.1] AndroidManifest.xml:50:25-92
172            </intent-filter>
173        </receiver>
174    </application>
175
176</manifest>